<?xml version="1.0" encoding="UTF-8"?>
<!-- Generated by org.testng.reporters.JUnitReportReporter -->
<testsuite hostname="DESKTOP-88LF8IH" failures="0" tests="4" name="com.toutorialsninjaProj.qa.testcases.Login" time="14.832" errors="0" timestamp="2024-11-17T14:36:42 IST" skipped="0">
  <testcase classname="com.toutorialsninjaProj.qa.testcases.Login" name="loginwithInvalidlogin" time="3.766"/>
  <testcase classname="com.toutorialsninjaProj.qa.testcases.Login" name="loginwithvalidEmailandInvalidpsw" time="3.336"/>
  <testcase classname="com.toutorialsninjaProj.qa.testcases.Login" name="loginwithInvalidEmailandValidPSW" time="3.223"/>
  <testcase classname="com.toutorialsninjaProj.qa.testcases.Login" name="loginwithoutEnteringEmailandPSW" time="4.507"/>
</testsuite> <!-- com.toutorialsninjaProj.qa.testcases.Login -->
