<?xml version="1.0" encoding="UTF-8"?>
<!-- Generated by org.testng.reporters.JUnitReportReporter -->
<testsuite hostname="DESKTOP-88LF8IH" failures="0" tests="4" name="com.toutorialsninjaProj.qa.testcases.Register" time="17.747" errors="0" timestamp="2024-11-17T14:36:42 IST" skipped="0">
  <testcase classname="com.toutorialsninjaProj.qa.testcases.Register" name="verifyregisteraccountwithmandatoryfields" time="6.410"/>
  <testcase classname="com.toutorialsninjaProj.qa.testcases.Register" name="verifyregisteraccountwithallfields" time="4.397"/>
  <testcase classname="com.toutorialsninjaProj.qa.testcases.Register" name="verifyRegisteringAccountwithExistingEmailid" time="3.846"/>
  <testcase classname="com.toutorialsninjaProj.qa.testcases.Register" name="Verifyregisteringaccountwithoutfillingmanddetails" time="3.094"/>
</testsuite> <!-- com.toutorialsninjaProj.qa.testcases.Register -->
